-------------------------------------------------------------------------------
Test set: Prolog.Unification.UnificationClauses.ListReexecution.SolutionFinderTest
-------------------------------------------------------------------------------
Tests run: 1, Failures: 1, Errors: 0, Skipped: 0, Time elapsed: 0 s <<< FAILURE! - in Prolog.Unification.UnificationClauses.ListReexecution.SolutionFinderTest
testFindSimpleSolution  Time elapsed: 0 s  <<< FAILURE!
org.opentest4j.AssertionFailedError: expected: <true> but was: <false>
	at Prolog.Unification.UnificationClauses.ListReexecution.SolutionFinderTest.testFindSimpleSolution(SolutionFinderTest.java:14)

