-------------------------------------------------------------------------------
Test set: Prolog.RuleTest
-------------------------------------------------------------------------------
Tests run: 2, Failures: 1, Errors: 0, Skipped: 0, Time elapsed: 0.008 s <<< FAILURE! - in Prolog.RuleTest
testRuleUnification  Time elapsed: 0.008 s  <<< FAILURE!
org.opentest4j.AssertionFailedError: expected: not <null>
	at Prolog.RuleTest.testRuleUnification(RuleTest.java:18)

